<?xml version="1.0" encoding="UTF-8"?>
<test_suites>
  <testsuite name="GithubControllerTest" filepath="test/controllers/github_controller_test.rb" skipped="3" failures="0" errors="0" tests="4" assertions="1" time="0.023547000251710415">
    <testcase name="test_should_show_github" lineno="29" classname="GithubControllerTest" assertions="0" time="0.001857999712228775">
    <skipped type="test_should_show_github"/>
    </testcase>
    <testcase name="test_should_redirect_to_GitHub_authorization_" lineno="24" classname="GithubControllerTest" assertions="1" time="0.018271000124514103">
    </testcase>
    <testcase name="test_should_save_GitHub_user_Oauth_Token" lineno="18" classname="GithubControllerTest" assertions="0" time="0.0016430001705884933">
    <skipped type="test_should_save_GitHub_user_Oauth_Token"/>
    </testcase>
    <testcase name="test_should_get_a_GitHub_Push_Event" lineno="7" classname="GithubControllerTest" assertions="0" time="0.0017750002443790436">
    <skipped type="test_should_get_a_GitHub_Push_Event"/>
    </testcase>
  </testsuite>
</test_suites>
