<?xml version="1.0" encoding="UTF-8"?>
<test_suites>
  <testsuite name="NotesControllerTest" filepath="test/controllers/notes_controller_test.rb" skipped="0" failures="0" errors="0" tests="6" assertions="10" time="5.242283000610769">
    <testcase name="test_should_create_note" lineno="24" classname="NotesControllerTest" assertions="4" time="1.3701440002769232">
    </testcase>
    <testcase name="test_should_destroy_note" lineno="51" classname="NotesControllerTest" assertions="2" time="0.7687210002914071">
    </testcase>
    <testcase name="test_should_open_new_note_modal" lineno="13" classname="NotesControllerTest" assertions="1" time="0.9771849997341633">
    </testcase>
    <testcase name="test_should_get_edit" lineno="41" classname="NotesControllerTest" assertions="1" time="0.7385120000690222">
    </testcase>
    <testcase name="test_should_get_new" lineno="18" classname="NotesControllerTest" assertions="1" time="0.663769000209868">
    </testcase>
    <testcase name="test_should_update_note" lineno="46" classname="NotesControllerTest" assertions="1" time="0.7239520000293851">
    </testcase>
  </testsuite>
</test_suites>
