<?xml version="1.0" encoding="UTF-8"?>
<test_suites>
  <testsuite name="GitHubOauthTest" filepath="test/models/git_hub_oauth_test.rb" skipped="0" failures="0" errors="0" tests="3" assertions="3" time="1.4873319994658232">
    <testcase name="test_should_return_GitHub_username" lineno="15" classname="GitHubOauthTest" assertions="1" time="0.5108460001647472">
    </testcase>
    <testcase name="test_should_return_GitHub_repo_name" lineno="19" classname="GitHubOauthTest" assertions="1" time="0.4942079996690154">
    </testcase>
    <testcase name="test_should_return_instance_of_GitHubOauth" lineno="11" classname="GitHubOauthTest" assertions="1" time="0.48227799963206053">
    </testcase>
  </testsuite>
</test_suites>
