<?xml version="1.0" encoding="UTF-8"?>
<test_suites>
  <testsuite name="ProjectCustomersControllerTest" filepath="test/controllers/project_customers_controller_test.rb" skipped="0" failures="0" errors="0" tests="4" assertions="8" time="2.1361439991742373">
    <testcase name="test_should_get_index" lineno="33" classname="ProjectCustomersControllerTest" assertions="1" time="0.5515890000388026">
    </testcase>
    <testcase name="test_customer_should_not_be_able_to_remove_customers_from_project" lineno="30" classname="ProjectCustomersControllerTest" assertions="0" time="0.5660779997706413">
    </testcase>
    <testcase name="test_should_leave_project" lineno="11" classname="ProjectCustomersControllerTest" assertions="4" time="0.47911199927330017">
    </testcase>
    <testcase name="test_remove_customer_from_project" lineno="20" classname="ProjectCustomersControllerTest" assertions="3" time="0.5393650000914931">
    </testcase>
  </testsuite>
</test_suites>
