<?xml version="1.0" encoding="UTF-8"?>
<test_suites>
  <testsuite name="SprintServicesTest" filepath="test/services/sprint_services_test.rb" skipped="1" failures="0" errors="0" tests="2" assertions="2" time="1.6318469997495413">
    <testcase name="test_can_not_request_payment_without_reported_sprint_hours" lineno="21" classname="SprintServicesTest" assertions="0" time="0.4961820002645254">
    <skipped type="test_can_not_request_payment_without_reported_sprint_hours"/>
    </testcase>
    <testcase name="test_customer_request_sprint_payment_service" lineno="12" classname="SprintServicesTest" assertions="2" time="1.1356649994850159">
    </testcase>
  </testsuite>
</test_suites>
